The system is: Linux - 4.4.0-194-generic - x86_64
Compiling the C compiler identification source file "CMakeCCompilerId.c" succeeded.
Compiler: /installer/import/debian/c++/clang/bin/clang 
Build flags: 
Id flags: 

The output was:
0


Compilation of the C compiler identification source "CMakeCCompilerId.c" produced "a.out"

The C compiler identification is Clang, found in "/home/stud/s8jobech/2.Uebung/Uebung02/build/CMakeFiles/3.5.1/CompilerIdC/a.out"

Compiling the CXX compiler identification source file "CMakeCXXCompilerId.cpp" succeeded.
Compiler: /installer/import/debian/c++/clang/bin/clang++ 
Build flags: 
Id flags: 

The output was:
0


Compilation of the CXX compiler identification source "CMakeCXXCompilerId.cpp" produced "a.out"

The CXX compiler identification is Clang, found in "/home/stud/s8jobech/2.Uebung/Uebung02/build/CMakeFiles/3.5.1/CompilerIdCXX/a.out"

Determining if the C compiler works passed with the following output:
Change Dir: /home/stud/s8jobech/2.Uebung/Uebung02/build/CMakeFiles/CMakeTmp

Run Build Command:"/usr/bin/make" "cmTC_73738/fast"
/usr/bin/make -f CMakeFiles/cmTC_73738.dir/build.make CMakeFiles/cmTC_73738.dir/build
make[1]: Entering directory '/home/stud/s8jobech/2.Uebung/Uebung02/build/CMakeFiles/CMakeTmp'
Building C object CMakeFiles/cmTC_73738.dir/testCCompiler.c.o
/installer/import/debian/c++/clang/bin/clang     -o CMakeFiles/cmTC_73738.dir/testCCompiler.c.o   -c /home/stud/s8jobech/2.Uebung/Uebung02/build/CMakeFiles/CMakeTmp/testCCompiler.c
Linking C executable cmTC_73738
/usr/bin/cmake -E cmake_link_script CMakeFiles/cmTC_73738.dir/link.txt --verbose=1
/installer/import/debian/c++/clang/bin/clang       CMakeFiles/cmTC_73738.dir/testCCompiler.c.o  -o cmTC_73738 -rdynamic 
make[1]: Leaving directory '/home/stud/s8jobech/2.Uebung/Uebung02/build/CMakeFiles/CMakeTmp'


Detecting C compiler ABI info compiled with the following output:
Change Dir: /home/stud/s8jobech/2.Uebung/Uebung02/build/CMakeFiles/CMakeTmp

Run Build Command:"/usr/bin/make" "cmTC_a9b69/fast"
/usr/bin/make -f CMakeFiles/cmTC_a9b69.dir/build.make CMakeFiles/cmTC_a9b69.dir/build
make[1]: Entering directory '/home/stud/s8jobech/2.Uebung/Uebung02/build/CMakeFiles/CMakeTmp'
Building C object CMakeFiles/cmTC_a9b69.dir/CMakeCCompilerABI.c.o
/installer/import/debian/c++/clang/bin/clang     -o CMakeFiles/cmTC_a9b69.dir/CMakeCCompilerABI.c.o   -c /usr/share/cmake-3.5/Modules/CMakeCCompilerABI.c
Linking C executable cmTC_a9b69
/usr/bin/cmake -E cmake_link_script CMakeFiles/cmTC_a9b69.dir/link.txt --verbose=1
/installer/import/debian/c++/clang/bin/clang      -v CMakeFiles/cmTC_a9b69.dir/CMakeCCompilerABI.c.o  -o cmTC_a9b69 -rdynamic  
clang version 3.7.0 (tags/RELEASE_370/final)
Target: x86_64-unknown-linux-gnu
Thread model: posix
Found candidate GCC installation: /usr/lib/gcc/i686-linux-gnu/5.4.0
Found candidate GCC installation: /usr/lib/gcc/i686-linux-gnu/6.0.0
Found candidate GCC installation: /usr/lib/gcc/x86_64-linux-gnu/5.4.0
Found candidate GCC installation: /usr/lib/gcc/x86_64-linux-gnu/6.0.0
Selected GCC installation: /usr/lib/gcc/x86_64-linux-gnu/5.4.0
Candidate multilib: .;@m64
Selected multilib: .;@m64
 "/usr/bin/ld" -export-dynamic --eh-frame-hdr -m elf_x86_64 -dynamic-linker /lib64/ld-linux-x86-64.so.2 -o cmTC_a9b69 /usr/lib/gcc/x86_64-linux-gnu/5.4.0/../../../x86_64-linux-gnu/crt1.o /usr/lib/gcc/x86_64-linux-gnu/5.4.0/../../../x86_64-linux-gnu/crti.o /usr/lib/gcc/x86_64-linux-gnu/5.4.0/crtbegin.o -L/usr/lib/gcc/x86_64-linux-gnu/5.4.0 -L/usr/lib/gcc/x86_64-linux-gnu/5.4.0/../../../x86_64-linux-gnu -L/lib/x86_64-linux-gnu -L/lib/../lib64 -L/usr/lib/x86_64-linux-gnu -L/usr/lib/gcc/x86_64-linux-gnu/5.4.0/../../.. -L/installer/import/debian/c++/clang/bin/../lib -L/lib -L/usr/lib CMakeFiles/cmTC_a9b69.dir/CMakeCCompilerABI.c.o -lgcc --as-needed -lgcc_s --no-as-needed -lc -lgcc --as-needed -lgcc_s --no-as-needed /usr/lib/gcc/x86_64-linux-gnu/5.4.0/crtend.o /usr/lib/gcc/x86_64-linux-gnu/5.4.0/../../../x86_64-linux-gnu/crtn.o
make[1]: Leaving directory '/home/stud/s8jobech/2.Uebung/Uebung02/build/CMakeFiles/CMakeTmp'


Parsed C implicit link information from above output:
  link line regex: [^( *|.*[/\])(ld|([^/\]+-)?ld|collect2)[^/\]*( |$)]
  ignore line: [Change Dir: /home/stud/s8jobech/2.Uebung/Uebung02/build/CMakeFiles/CMakeTmp]
  ignore line: []
  ignore line: [Run Build Command:"/usr/bin/make" "cmTC_a9b69/fast"]
  ignore line: [/usr/bin/make -f CMakeFiles/cmTC_a9b69.dir/build.make CMakeFiles/cmTC_a9b69.dir/build]
  ignore line: [make[1]: Entering directory '/home/stud/s8jobech/2.Uebung/Uebung02/build/CMakeFiles/CMakeTmp']
  ignore line: [Building C object CMakeFiles/cmTC_a9b69.dir/CMakeCCompilerABI.c.o]
  ignore line: [/installer/import/debian/c++/clang/bin/clang     -o CMakeFiles/cmTC_a9b69.dir/CMakeCCompilerABI.c.o   -c /usr/share/cmake-3.5/Modules/CMakeCCompilerABI.c]
  ignore line: [Linking C executable cmTC_a9b69]
  ignore line: [/usr/bin/cmake -E cmake_link_script CMakeFiles/cmTC_a9b69.dir/link.txt --verbose=1]
  ignore line: [/installer/import/debian/c++/clang/bin/clang      -v CMakeFiles/cmTC_a9b69.dir/CMakeCCompilerABI.c.o  -o cmTC_a9b69 -rdynamic  ]
  ignore line: [clang version 3.7.0 (tags/RELEASE_370/final)]
  ignore line: [Target: x86_64-unknown-linux-gnu]
  ignore line: [Thread model: posix]
  ignore line: [Found candidate GCC installation: /usr/lib/gcc/i686-linux-gnu/5.4.0]
  ignore line: [Found candidate GCC installation: /usr/lib/gcc/i686-linux-gnu/6.0.0]
  ignore line: [Found candidate GCC installation: /usr/lib/gcc/x86_64-linux-gnu/5.4.0]
  ignore line: [Found candidate GCC installation: /usr/lib/gcc/x86_64-linux-gnu/6.0.0]
  ignore line: [Selected GCC installation: /usr/lib/gcc/x86_64-linux-gnu/5.4.0]
  ignore line: [Candidate multilib: .]
  ignore line: [@m64]
  ignore line: [Selected multilib: .]
  ignore line: [@m64]
  link line: [ "/usr/bin/ld" -export-dynamic --eh-frame-hdr -m elf_x86_64 -dynamic-linker /lib64/ld-linux-x86-64.so.2 -o cmTC_a9b69 /usr/lib/gcc/x86_64-linux-gnu/5.4.0/../../../x86_64-linux-gnu/crt1.o /usr/lib/gcc/x86_64-linux-gnu/5.4.0/../../../x86_64-linux-gnu/crti.o /usr/lib/gcc/x86_64-linux-gnu/5.4.0/crtbegin.o -L/usr/lib/gcc/x86_64-linux-gnu/5.4.0 -L/usr/lib/gcc/x86_64-linux-gnu/5.4.0/../../../x86_64-linux-gnu -L/lib/x86_64-linux-gnu -L/lib/../lib64 -L/usr/lib/x86_64-linux-gnu -L/usr/lib/gcc/x86_64-linux-gnu/5.4.0/../../.. -L/installer/import/debian/c++/clang/bin/../lib -L/lib -L/usr/lib CMakeFiles/cmTC_a9b69.dir/CMakeCCompilerABI.c.o -lgcc --as-needed -lgcc_s --no-as-needed -lc -lgcc --as-needed -lgcc_s --no-as-needed /usr/lib/gcc/x86_64-linux-gnu/5.4.0/crtend.o /usr/lib/gcc/x86_64-linux-gnu/5.4.0/../../../x86_64-linux-gnu/crtn.o]
    arg [/usr/bin/ld] ==> ignore
    arg [-export-dynamic] ==> ignore
    arg [--eh-frame-hdr] ==> ignore
    arg [-m] ==> ignore
    arg [elf_x86_64] ==> ignore
    arg [-dynamic-linker] ==> ignore
    arg [/lib64/ld-linux-x86-64.so.2] ==> ignore
    arg [-o] ==> ignore
    arg [cmTC_a9b69] ==> ignore
    arg [/usr/lib/gcc/x86_64-linux-gnu/5.4.0/../../../x86_64-linux-gnu/crt1.o] ==> ignore
    arg [/usr/lib/gcc/x86_64-linux-gnu/5.4.0/../../../x86_64-linux-gnu/crti.o] ==> ignore
    arg [/usr/lib/gcc/x86_64-linux-gnu/5.4.0/crtbegin.o] ==> ignore
    arg [-L/usr/lib/gcc/x86_64-linux-gnu/5.4.0] ==> dir [/usr/lib/gcc/x86_64-linux-gnu/5.4.0]
    arg [-L/usr/lib/gcc/x86_64-linux-gnu/5.4.0/../../../x86_64-linux-gnu] ==> dir [/usr/lib/gcc/x86_64-linux-gnu/5.4.0/../../../x86_64-linux-gnu]
    arg [-L/lib/x86_64-linux-gnu] ==> dir [/lib/x86_64-linux-gnu]
    arg [-L/lib/../lib64] ==> dir [/lib/../lib64]
    arg [-L/usr/lib/x86_64-linux-gnu] ==> dir [/usr/lib/x86_64-linux-gnu]
    arg [-L/usr/lib/gcc/x86_64-linux-gnu/5.4.0/../../..] ==> dir [/usr/lib/gcc/x86_64-linux-gnu/5.4.0/../../..]
    arg [-L/installer/import/debian/c++/clang/bin/../lib] ==> dir [/installer/import/debian/c++/clang/bin/../lib]
    arg [-L/lib] ==> dir [/lib]
    arg [-L/usr/lib] ==> dir [/usr/lib]
    arg [CMakeFiles/cmTC_a9b69.dir/CMakeCCompilerABI.c.o] ==> ignore
    arg [-lgcc] ==> lib [gcc]
    arg [--as-needed] ==> ignore
    arg [-lgcc_s] ==> lib [gcc_s]
    arg [--no-as-needed] ==> ignore
    arg [-lc] ==> lib [c]
    arg [-lgcc] ==> lib [gcc]
    arg [--as-needed] ==> ignore
    arg [-lgcc_s] ==> lib [gcc_s]
    arg [--no-as-needed] ==> ignore
    arg [/usr/lib/gcc/x86_64-linux-gnu/5.4.0/crtend.o] ==> ignore
    arg [/usr/lib/gcc/x86_64-linux-gnu/5.4.0/../../../x86_64-linux-gnu/crtn.o] ==> ignore
  remove lib [gcc]
  remove lib [gcc_s]
  remove lib [gcc]
  remove lib [gcc_s]
  collapse library dir [/usr/lib/gcc/x86_64-linux-gnu/5.4.0] ==> [/usr/lib/gcc/x86_64-linux-gnu/5.4.0]
  collapse library dir [/usr/lib/gcc/x86_64-linux-gnu/5.4.0/../../../x86_64-linux-gnu] ==> [/usr/lib/x86_64-linux-gnu]
  collapse library dir [/lib/x86_64-linux-gnu] ==> [/lib/x86_64-linux-gnu]
  collapse library dir [/lib/../lib64] ==> [/lib64]
  collapse library dir [/usr/lib/x86_64-linux-gnu] ==> [/usr/lib/x86_64-linux-gnu]
  collapse library dir [/usr/lib/gcc/x86_64-linux-gnu/5.4.0/../../..] ==> [/usr/lib]
  collapse library dir [/installer/import/debian/c++/clang/bin/../lib] ==> [/installer/import/debian/c++/clang/lib]
  collapse library dir [/lib] ==> [/lib]
  collapse library dir [/usr/lib] ==> [/usr/lib]
  implicit libs: [c]
  implicit dirs: [/usr/lib/gcc/x86_64-linux-gnu/5.4.0;/usr/lib/x86_64-linux-gnu;/lib/x86_64-linux-gnu;/lib64;/usr/lib;/installer/import/debian/c++/clang/lib;/lib]
  implicit fwks: []




Detecting C [-std=c11] compiler features compiled with the following output:
Change Dir: /home/stud/s8jobech/2.Uebung/Uebung02/build/CMakeFiles/CMakeTmp

Run Build Command:"/usr/bin/make" "cmTC_9a0e6/fast"
/usr/bin/make -f CMakeFiles/cmTC_9a0e6.dir/build.make CMakeFiles/cmTC_9a0e6.dir/build
make[1]: Entering directory '/home/stud/s8jobech/2.Uebung/Uebung02/build/CMakeFiles/CMakeTmp'
Building C object CMakeFiles/cmTC_9a0e6.dir/feature_tests.c.o
/installer/import/debian/c++/clang/bin/clang    -std=c11 -o CMakeFiles/cmTC_9a0e6.dir/feature_tests.c.o   -c /home/stud/s8jobech/2.Uebung/Uebung02/build/CMakeFiles/feature_tests.c
Linking C executable cmTC_9a0e6
/usr/bin/cmake -E cmake_link_script CMakeFiles/cmTC_9a0e6.dir/link.txt --verbose=1
/installer/import/debian/c++/clang/bin/clang       CMakeFiles/cmTC_9a0e6.dir/feature_tests.c.o  -o cmTC_9a0e6 -rdynamic 
make[1]: Leaving directory '/home/stud/s8jobech/2.Uebung/Uebung02/build/CMakeFiles/CMakeTmp'


    Feature record: C_FEATURE:1c_function_prototypes
    Feature record: C_FEATURE:1c_restrict
    Feature record: C_FEATURE:1c_static_assert
    Feature record: C_FEATURE:1c_variadic_macros


Detecting C [-std=c99] compiler features compiled with the following output:
Change Dir: /home/stud/s8jobech/2.Uebung/Uebung02/build/CMakeFiles/CMakeTmp

Run Build Command:"/usr/bin/make" "cmTC_4d5a7/fast"
/usr/bin/make -f CMakeFiles/cmTC_4d5a7.dir/build.make CMakeFiles/cmTC_4d5a7.dir/build
make[1]: Entering directory '/home/stud/s8jobech/2.Uebung/Uebung02/build/CMakeFiles/CMakeTmp'
Building C object CMakeFiles/cmTC_4d5a7.dir/feature_tests.c.o
/installer/import/debian/c++/clang/bin/clang    -std=c99 -o CMakeFiles/cmTC_4d5a7.dir/feature_tests.c.o   -c /home/stud/s8jobech/2.Uebung/Uebung02/build/CMakeFiles/feature_tests.c
Linking C executable cmTC_4d5a7
/usr/bin/cmake -E cmake_link_script CMakeFiles/cmTC_4d5a7.dir/link.txt --verbose=1
/installer/import/debian/c++/clang/bin/clang       CMakeFiles/cmTC_4d5a7.dir/feature_tests.c.o  -o cmTC_4d5a7 -rdynamic 
make[1]: Leaving directory '/home/stud/s8jobech/2.Uebung/Uebung02/build/CMakeFiles/CMakeTmp'


    Feature record: C_FEATURE:1c_function_prototypes
    Feature record: C_FEATURE:1c_restrict
    Feature record: C_FEATURE:0c_static_assert
    Feature record: C_FEATURE:1c_variadic_macros


Detecting C [-std=c90] compiler features compiled with the following output:
Change Dir: /home/stud/s8jobech/2.Uebung/Uebung02/build/CMakeFiles/CMakeTmp

Run Build Command:"/usr/bin/make" "cmTC_861b3/fast"
/usr/bin/make -f CMakeFiles/cmTC_861b3.dir/build.make CMakeFiles/cmTC_861b3.dir/build
make[1]: Entering directory '/home/stud/s8jobech/2.Uebung/Uebung02/build/CMakeFiles/CMakeTmp'
Building C object CMakeFiles/cmTC_861b3.dir/feature_tests.c.o
/installer/import/debian/c++/clang/bin/clang    -std=c90 -o CMakeFiles/cmTC_861b3.dir/feature_tests.c.o   -c /home/stud/s8jobech/2.Uebung/Uebung02/build/CMakeFiles/feature_tests.c
Linking C executable cmTC_861b3
/usr/bin/cmake -E cmake_link_script CMakeFiles/cmTC_861b3.dir/link.txt --verbose=1
/installer/import/debian/c++/clang/bin/clang       CMakeFiles/cmTC_861b3.dir/feature_tests.c.o  -o cmTC_861b3 -rdynamic 
make[1]: Leaving directory '/home/stud/s8jobech/2.Uebung/Uebung02/build/CMakeFiles/CMakeTmp'


    Feature record: C_FEATURE:1c_function_prototypes
    Feature record: C_FEATURE:0c_restrict
    Feature record: C_FEATURE:0c_static_assert
    Feature record: C_FEATURE:0c_variadic_macros
Determining if the CXX compiler works passed with the following output:
Change Dir: /home/stud/s8jobech/2.Uebung/Uebung02/build/CMakeFiles/CMakeTmp

Run Build Command:"/usr/bin/make" "cmTC_263e4/fast"
/usr/bin/make -f CMakeFiles/cmTC_263e4.dir/build.make CMakeFiles/cmTC_263e4.dir/build
make[1]: Entering directory '/home/stud/s8jobech/2.Uebung/Uebung02/build/CMakeFiles/CMakeTmp'
Building CXX object CMakeFiles/cmTC_263e4.dir/testCXXCompiler.cxx.o
/installer/import/debian/c++/clang/bin/clang++      -o CMakeFiles/cmTC_263e4.dir/testCXXCompiler.cxx.o -c /home/stud/s8jobech/2.Uebung/Uebung02/build/CMakeFiles/CMakeTmp/testCXXCompiler.cxx
Linking CXX executable cmTC_263e4
/usr/bin/cmake -E cmake_link_script CMakeFiles/cmTC_263e4.dir/link.txt --verbose=1
/installer/import/debian/c++/clang/bin/clang++        CMakeFiles/cmTC_263e4.dir/testCXXCompiler.cxx.o  -o cmTC_263e4 -rdynamic 
make[1]: Leaving directory '/home/stud/s8jobech/2.Uebung/Uebung02/build/CMakeFiles/CMakeTmp'


Detecting CXX compiler ABI info compiled with the following output:
Change Dir: /home/stud/s8jobech/2.Uebung/Uebung02/build/CMakeFiles/CMakeTmp

Run Build Command:"/usr/bin/make" "cmTC_ce5ea/fast"
/usr/bin/make -f CMakeFiles/cmTC_ce5ea.dir/build.make CMakeFiles/cmTC_ce5ea.dir/build
make[1]: Entering directory '/home/stud/s8jobech/2.Uebung/Uebung02/build/CMakeFiles/CMakeTmp'
Building CXX object CMakeFiles/cmTC_ce5ea.dir/CMakeCXXCompilerABI.cpp.o
/installer/import/debian/c++/clang/bin/clang++      -o CMakeFiles/cmTC_ce5ea.dir/CMakeCXXCompilerABI.cpp.o -c /usr/share/cmake-3.5/Modules/CMakeCXXCompilerABI.cpp
Linking CXX executable cmTC_ce5ea
/usr/bin/cmake -E cmake_link_script CMakeFiles/cmTC_ce5ea.dir/link.txt --verbose=1
/installer/import/debian/c++/clang/bin/clang++       -v CMakeFiles/cmTC_ce5ea.dir/CMakeCXXCompilerABI.cpp.o  -o cmTC_ce5ea -rdynamic  
clang version 3.7.0 (tags/RELEASE_370/final)
Target: x86_64-unknown-linux-gnu
Thread model: posix
Found candidate GCC installation: /usr/lib/gcc/i686-linux-gnu/5.4.0
Found candidate GCC installation: /usr/lib/gcc/i686-linux-gnu/6.0.0
Found candidate GCC installation: /usr/lib/gcc/x86_64-linux-gnu/5.4.0
Found candidate GCC installation: /usr/lib/gcc/x86_64-linux-gnu/6.0.0
Selected GCC installation: /usr/lib/gcc/x86_64-linux-gnu/5.4.0
Candidate multilib: .;@m64
Selected multilib: .;@m64
 "/usr/bin/ld" -export-dynamic --eh-frame-hdr -m elf_x86_64 -dynamic-linker /lib64/ld-linux-x86-64.so.2 -o cmTC_ce5ea /usr/lib/gcc/x86_64-linux-gnu/5.4.0/../../../x86_64-linux-gnu/crt1.o /usr/lib/gcc/x86_64-linux-gnu/5.4.0/../../../x86_64-linux-gnu/crti.o /usr/lib/gcc/x86_64-linux-gnu/5.4.0/crtbegin.o -L/usr/lib/gcc/x86_64-linux-gnu/5.4.0 -L/usr/lib/gcc/x86_64-linux-gnu/5.4.0/../../../x86_64-linux-gnu -L/lib/x86_64-linux-gnu -L/lib/../lib64 -L/usr/lib/x86_64-linux-gnu -L/usr/lib/gcc/x86_64-linux-gnu/5.4.0/../../.. -L/installer/import/debian/c++/clang/bin/../lib -L/lib -L/usr/lib CMakeFiles/cmTC_ce5ea.dir/CMakeCXXCompilerABI.cpp.o -lstdc++ -lm -lgcc_s -lgcc -lc -lgcc_s -lgcc /usr/lib/gcc/x86_64-linux-gnu/5.4.0/crtend.o /usr/lib/gcc/x86_64-linux-gnu/5.4.0/../../../x86_64-linux-gnu/crtn.o
make[1]: Leaving directory '/home/stud/s8jobech/2.Uebung/Uebung02/build/CMakeFiles/CMakeTmp'


Parsed CXX implicit link information from above output:
  link line regex: [^( *|.*[/\])(ld|([^/\]+-)?ld|collect2)[^/\]*( |$)]
  ignore line: [Change Dir: /home/stud/s8jobech/2.Uebung/Uebung02/build/CMakeFiles/CMakeTmp]
  ignore line: []
  ignore line: [Run Build Command:"/usr/bin/make" "cmTC_ce5ea/fast"]
  ignore line: [/usr/bin/make -f CMakeFiles/cmTC_ce5ea.dir/build.make CMakeFiles/cmTC_ce5ea.dir/build]
  ignore line: [make[1]: Entering directory '/home/stud/s8jobech/2.Uebung/Uebung02/build/CMakeFiles/CMakeTmp']
  ignore line: [Building CXX object CMakeFiles/cmTC_ce5ea.dir/CMakeCXXCompilerABI.cpp.o]
  ignore line: [/installer/import/debian/c++/clang/bin/clang++      -o CMakeFiles/cmTC_ce5ea.dir/CMakeCXXCompilerABI.cpp.o -c /usr/share/cmake-3.5/Modules/CMakeCXXCompilerABI.cpp]
  ignore line: [Linking CXX executable cmTC_ce5ea]
  ignore line: [/usr/bin/cmake -E cmake_link_script CMakeFiles/cmTC_ce5ea.dir/link.txt --verbose=1]
  ignore line: [/installer/import/debian/c++/clang/bin/clang++       -v CMakeFiles/cmTC_ce5ea.dir/CMakeCXXCompilerABI.cpp.o  -o cmTC_ce5ea -rdynamic  ]
  ignore line: [clang version 3.7.0 (tags/RELEASE_370/final)]
  ignore line: [Target: x86_64-unknown-linux-gnu]
  ignore line: [Thread model: posix]
  ignore line: [Found candidate GCC installation: /usr/lib/gcc/i686-linux-gnu/5.4.0]
  ignore line: [Found candidate GCC installation: /usr/lib/gcc/i686-linux-gnu/6.0.0]
  ignore line: [Found candidate GCC installation: /usr/lib/gcc/x86_64-linux-gnu/5.4.0]
  ignore line: [Found candidate GCC installation: /usr/lib/gcc/x86_64-linux-gnu/6.0.0]
  ignore line: [Selected GCC installation: /usr/lib/gcc/x86_64-linux-gnu/5.4.0]
  ignore line: [Candidate multilib: .]
  ignore line: [@m64]
  ignore line: [Selected multilib: .]
  ignore line: [@m64]
  link line: [ "/usr/bin/ld" -export-dynamic --eh-frame-hdr -m elf_x86_64 -dynamic-linker /lib64/ld-linux-x86-64.so.2 -o cmTC_ce5ea /usr/lib/gcc/x86_64-linux-gnu/5.4.0/../../../x86_64-linux-gnu/crt1.o /usr/lib/gcc/x86_64-linux-gnu/5.4.0/../../../x86_64-linux-gnu/crti.o /usr/lib/gcc/x86_64-linux-gnu/5.4.0/crtbegin.o -L/usr/lib/gcc/x86_64-linux-gnu/5.4.0 -L/usr/lib/gcc/x86_64-linux-gnu/5.4.0/../../../x86_64-linux-gnu -L/lib/x86_64-linux-gnu -L/lib/../lib64 -L/usr/lib/x86_64-linux-gnu -L/usr/lib/gcc/x86_64-linux-gnu/5.4.0/../../.. -L/installer/import/debian/c++/clang/bin/../lib -L/lib -L/usr/lib CMakeFiles/cmTC_ce5ea.dir/CMakeCXXCompilerABI.cpp.o -lstdc++ -lm -lgcc_s -lgcc -lc -lgcc_s -lgcc /usr/lib/gcc/x86_64-linux-gnu/5.4.0/crtend.o /usr/lib/gcc/x86_64-linux-gnu/5.4.0/../../../x86_64-linux-gnu/crtn.o]
    arg [/usr/bin/ld] ==> ignore
    arg [-export-dynamic] ==> ignore
    arg [--eh-frame-hdr] ==> ignore
    arg [-m] ==> ignore
    arg [elf_x86_64] ==> ignore
    arg [-dynamic-linker] ==> ignore
    arg [/lib64/ld-linux-x86-64.so.2] ==> ignore
    arg [-o] ==> ignore
    arg [cmTC_ce5ea] ==> ignore
    arg [/usr/lib/gcc/x86_64-linux-gnu/5.4.0/../../../x86_64-linux-gnu/crt1.o] ==> ignore
    arg [/usr/lib/gcc/x86_64-linux-gnu/5.4.0/../../../x86_64-linux-gnu/crti.o] ==> ignore
    arg [/usr/lib/gcc/x86_64-linux-gnu/5.4.0/crtbegin.o] ==> ignore
    arg [-L/usr/lib/gcc/x86_64-linux-gnu/5.4.0] ==> dir [/usr/lib/gcc/x86_64-linux-gnu/5.4.0]
    arg [-L/usr/lib/gcc/x86_64-linux-gnu/5.4.0/../../../x86_64-linux-gnu] ==> dir [/usr/lib/gcc/x86_64-linux-gnu/5.4.0/../../../x86_64-linux-gnu]
    arg [-L/lib/x86_64-linux-gnu] ==> dir [/lib/x86_64-linux-gnu]
    arg [-L/lib/../lib64] ==> dir [/lib/../lib64]
    arg [-L/usr/lib/x86_64-linux-gnu] ==> dir [/usr/lib/x86_64-linux-gnu]
    arg [-L/usr/lib/gcc/x86_64-linux-gnu/5.4.0/../../..] ==> dir [/usr/lib/gcc/x86_64-linux-gnu/5.4.0/../../..]
    arg [-L/installer/import/debian/c++/clang/bin/../lib] ==> dir [/installer/import/debian/c++/clang/bin/../lib]
    arg [-L/lib] ==> dir [/lib]
    arg [-L/usr/lib] ==> dir [/usr/lib]
    arg [CMakeFiles/cmTC_ce5ea.dir/CMakeCXXCompilerABI.cpp.o] ==> ignore
    arg [-lstdc++] ==> lib [stdc++]
    arg [-lm] ==> lib [m]
    arg [-lgcc_s] ==> lib [gcc_s]
    arg [-lgcc] ==> lib [gcc]
    arg [-lc] ==> lib [c]
    arg [-lgcc_s] ==> lib [gcc_s]
    arg [-lgcc] ==> lib [gcc]
    arg [/usr/lib/gcc/x86_64-linux-gnu/5.4.0/crtend.o] ==> ignore
    arg [/usr/lib/gcc/x86_64-linux-gnu/5.4.0/../../../x86_64-linux-gnu/crtn.o] ==> ignore
  remove lib [gcc_s]
  remove lib [gcc]
  remove lib [gcc_s]
  remove lib [gcc]
  collapse library dir [/usr/lib/gcc/x86_64-linux-gnu/5.4.0] ==> [/usr/lib/gcc/x86_64-linux-gnu/5.4.0]
  collapse library dir [/usr/lib/gcc/x86_64-linux-gnu/5.4.0/../../../x86_64-linux-gnu] ==> [/usr/lib/x86_64-linux-gnu]
  collapse library dir [/lib/x86_64-linux-gnu] ==> [/lib/x86_64-linux-gnu]
  collapse library dir [/lib/../lib64] ==> [/lib64]
  collapse library dir [/usr/lib/x86_64-linux-gnu] ==> [/usr/lib/x86_64-linux-gnu]
  collapse library dir [/usr/lib/gcc/x86_64-linux-gnu/5.4.0/../../..] ==> [/usr/lib]
  collapse library dir [/installer/import/debian/c++/clang/bin/../lib] ==> [/installer/import/debian/c++/clang/lib]
  collapse library dir [/lib] ==> [/lib]
  collapse library dir [/usr/lib] ==> [/usr/lib]
  implicit libs: [stdc++;m;c]
  implicit dirs: [/usr/lib/gcc/x86_64-linux-gnu/5.4.0;/usr/lib/x86_64-linux-gnu;/lib/x86_64-linux-gnu;/lib64;/usr/lib;/installer/import/debian/c++/clang/lib;/lib]
  implicit fwks: []




Detecting CXX [-std=c++14] compiler features compiled with the following output:
Change Dir: /home/stud/s8jobech/2.Uebung/Uebung02/build/CMakeFiles/CMakeTmp

Run Build Command:"/usr/bin/make" "cmTC_797d5/fast"
/usr/bin/make -f CMakeFiles/cmTC_797d5.dir/build.make CMakeFiles/cmTC_797d5.dir/build
make[1]: Entering directory '/home/stud/s8jobech/2.Uebung/Uebung02/build/CMakeFiles/CMakeTmp'
Building CXX object CMakeFiles/cmTC_797d5.dir/feature_tests.cxx.o
/installer/import/debian/c++/clang/bin/clang++     -std=c++14 -o CMakeFiles/cmTC_797d5.dir/feature_tests.cxx.o -c /home/stud/s8jobech/2.Uebung/Uebung02/build/CMakeFiles/feature_tests.cxx
Linking CXX executable cmTC_797d5
/usr/bin/cmake -E cmake_link_script CMakeFiles/cmTC_797d5.dir/link.txt --verbose=1
/installer/import/debian/c++/clang/bin/clang++        CMakeFiles/cmTC_797d5.dir/feature_tests.cxx.o  -o cmTC_797d5 -rdynamic 
make[1]: Leaving directory '/home/stud/s8jobech/2.Uebung/Uebung02/build/CMakeFiles/CMakeTmp'


    Feature record: CXX_FEATURE:1cxx_aggregate_default_initializers
    Feature record: CXX_FEATURE:1cxx_alias_templates
    Feature record: CXX_FEATURE:1cxx_alignas
    Feature record: CXX_FEATURE:1cxx_alignof
    Feature record: CXX_FEATURE:1cxx_attributes
    Feature record: CXX_FEATURE:1cxx_attribute_deprecated
    Feature record: CXX_FEATURE:1cxx_auto_type
    Feature record: CXX_FEATURE:1cxx_binary_literals
    Feature record: CXX_FEATURE:1cxx_constexpr
    Feature record: CXX_FEATURE:1cxx_contextual_conversions
    Feature record: CXX_FEATURE:1cxx_decltype
    Feature record: CXX_FEATURE:1cxx_decltype_auto
    Feature record: CXX_FEATURE:1cxx_decltype_incomplete_return_types
    Feature record: CXX_FEATURE:1cxx_default_function_template_args
    Feature record: CXX_FEATURE:1cxx_defaulted_functions
    Feature record: CXX_FEATURE:1cxx_defaulted_move_initializers
    Feature record: CXX_FEATURE:1cxx_delegating_constructors
    Feature record: CXX_FEATURE:1cxx_deleted_functions
    Feature record: CXX_FEATURE:1cxx_digit_separators
    Feature record: CXX_FEATURE:1cxx_enum_forward_declarations
    Feature record: CXX_FEATURE:1cxx_explicit_conversions
    Feature record: CXX_FEATURE:1cxx_extended_friend_declarations
    Feature record: CXX_FEATURE:1cxx_extern_templates
    Feature record: CXX_FEATURE:1cxx_final
    Feature record: CXX_FEATURE:1cxx_func_identifier
    Feature record: CXX_FEATURE:1cxx_generalized_initializers
    Feature record: CXX_FEATURE:1cxx_generic_lambdas
    Feature record: CXX_FEATURE:1cxx_inheriting_constructors
    Feature record: CXX_FEATURE:1cxx_inline_namespaces
    Feature record: CXX_FEATURE:1cxx_lambdas
    Feature record: CXX_FEATURE:1cxx_lambda_init_captures
    Feature record: CXX_FEATURE:1cxx_local_type_template_args
    Feature record: CXX_FEATURE:1cxx_long_long_type
    Feature record: CXX_FEATURE:1cxx_noexcept
    Feature record: CXX_FEATURE:1cxx_nonstatic_member_init
    Feature record: CXX_FEATURE:1cxx_nullptr
    Feature record: CXX_FEATURE:1cxx_override
    Feature record: CXX_FEATURE:1cxx_range_for
    Feature record: CXX_FEATURE:1cxx_raw_string_literals
    Feature record: CXX_FEATURE:1cxx_reference_qualified_functions
    Feature record: CXX_FEATURE:1cxx_relaxed_constexpr
    Feature record: CXX_FEATURE:1cxx_return_type_deduction
    Feature record: CXX_FEATURE:1cxx_right_angle_brackets
    Feature record: CXX_FEATURE:1cxx_rvalue_references
    Feature record: CXX_FEATURE:1cxx_sizeof_member
    Feature record: CXX_FEATURE:1cxx_static_assert
    Feature record: CXX_FEATURE:1cxx_strong_enums
    Feature record: CXX_FEATURE:1cxx_template_template_parameters
    Feature record: CXX_FEATURE:1cxx_thread_local
    Feature record: CXX_FEATURE:1cxx_trailing_return_types
    Feature record: CXX_FEATURE:1cxx_unicode_literals
    Feature record: CXX_FEATURE:1cxx_uniform_initialization
    Feature record: CXX_FEATURE:1cxx_unrestricted_unions
    Feature record: CXX_FEATURE:1cxx_user_literals
    Feature record: CXX_FEATURE:1cxx_variable_templates
    Feature record: CXX_FEATURE:1cxx_variadic_macros
    Feature record: CXX_FEATURE:1cxx_variadic_templates


Detecting CXX [-std=c++11] compiler features compiled with the following output:
Change Dir: /home/stud/s8jobech/2.Uebung/Uebung02/build/CMakeFiles/CMakeTmp

Run Build Command:"/usr/bin/make" "cmTC_e27cd/fast"
/usr/bin/make -f CMakeFiles/cmTC_e27cd.dir/build.make CMakeFiles/cmTC_e27cd.dir/build
make[1]: Entering directory '/home/stud/s8jobech/2.Uebung/Uebung02/build/CMakeFiles/CMakeTmp'
Building CXX object CMakeFiles/cmTC_e27cd.dir/feature_tests.cxx.o
/installer/import/debian/c++/clang/bin/clang++     -std=c++11 -o CMakeFiles/cmTC_e27cd.dir/feature_tests.cxx.o -c /home/stud/s8jobech/2.Uebung/Uebung02/build/CMakeFiles/feature_tests.cxx
Linking CXX executable cmTC_e27cd
/usr/bin/cmake -E cmake_link_script CMakeFiles/cmTC_e27cd.dir/link.txt --verbose=1
/installer/import/debian/c++/clang/bin/clang++        CMakeFiles/cmTC_e27cd.dir/feature_tests.cxx.o  -o cmTC_e27cd -rdynamic 
make[1]: Leaving directory '/home/stud/s8jobech/2.Uebung/Uebung02/build/CMakeFiles/CMakeTmp'


    Feature record: CXX_FEATURE:0cxx_aggregate_default_initializers
    Feature record: CXX_FEATURE:1cxx_alias_templates
    Feature record: CXX_FEATURE:1cxx_alignas
    Feature record: CXX_FEATURE:1cxx_alignof
    Feature record: CXX_FEATURE:1cxx_attributes
    Feature record: CXX_FEATURE:0cxx_attribute_deprecated
    Feature record: CXX_FEATURE:1cxx_auto_type
    Feature record: CXX_FEATURE:0cxx_binary_literals
    Feature record: CXX_FEATURE:1cxx_constexpr
    Feature record: CXX_FEATURE:0cxx_contextual_conversions
    Feature record: CXX_FEATURE:1cxx_decltype
    Feature record: CXX_FEATURE:0cxx_decltype_auto
    Feature record: CXX_FEATURE:1cxx_decltype_incomplete_return_types
    Feature record: CXX_FEATURE:1cxx_default_function_template_args
    Feature record: CXX_FEATURE:1cxx_defaulted_functions
    Feature record: CXX_FEATURE:1cxx_defaulted_move_initializers
    Feature record: CXX_FEATURE:1cxx_delegating_constructors
    Feature record: CXX_FEATURE:1cxx_deleted_functions
    Feature record: CXX_FEATURE:0cxx_digit_separators
    Feature record: CXX_FEATURE:1cxx_enum_forward_declarations
    Feature record: CXX_FEATURE:1cxx_explicit_conversions
    Feature record: CXX_FEATURE:1cxx_extended_friend_declarations
    Feature record: CXX_FEATURE:1cxx_extern_templates
    Feature record: CXX_FEATURE:1cxx_final
    Feature record: CXX_FEATURE:1cxx_func_identifier
    Feature record: CXX_FEATURE:1cxx_generalized_initializers
    Feature record: CXX_FEATURE:0cxx_generic_lambdas
    Feature record: CXX_FEATURE:1cxx_inheriting_constructors
    Feature record: CXX_FEATURE:1cxx_inline_namespaces
    Feature record: CXX_FEATURE:1cxx_lambdas
    Feature record: CXX_FEATURE:0cxx_lambda_init_captures
    Feature record: CXX_FEATURE:1cxx_local_type_template_args
    Feature record: CXX_FEATURE:1cxx_long_long_type
    Feature record: CXX_FEATURE:1cxx_noexcept
    Feature record: CXX_FEATURE:1cxx_nonstatic_member_init
    Feature record: CXX_FEATURE:1cxx_nullptr
    Feature record: CXX_FEATURE:1cxx_override
    Feature record: CXX_FEATURE:1cxx_range_for
    Feature record: CXX_FEATURE:1cxx_raw_string_literals
    Feature record: CXX_FEATURE:1cxx_reference_qualified_functions
    Feature record: CXX_FEATURE:0cxx_relaxed_constexpr
    Feature record: CXX_FEATURE:0cxx_return_type_deduction
    Feature record: CXX_FEATURE:1cxx_right_angle_brackets
    Feature record: CXX_FEATURE:1cxx_rvalue_references
    Feature record: CXX_FEATURE:1cxx_sizeof_member
    Feature record: CXX_FEATURE:1cxx_static_assert
    Feature record: CXX_FEATURE:1cxx_strong_enums
    Feature record: CXX_FEATURE:1cxx_template_template_parameters
    Feature record: CXX_FEATURE:1cxx_thread_local
    Feature record: CXX_FEATURE:1cxx_trailing_return_types
    Feature record: CXX_FEATURE:1cxx_unicode_literals
    Feature record: CXX_FEATURE:1cxx_uniform_initialization
    Feature record: CXX_FEATURE:1cxx_unrestricted_unions
    Feature record: CXX_FEATURE:1cxx_user_literals
    Feature record: CXX_FEATURE:0cxx_variable_templates
    Feature record: CXX_FEATURE:1cxx_variadic_macros
    Feature record: CXX_FEATURE:1cxx_variadic_templates


Detecting CXX [-std=c++98] compiler features compiled with the following output:
Change Dir: /home/stud/s8jobech/2.Uebung/Uebung02/build/CMakeFiles/CMakeTmp

Run Build Command:"/usr/bin/make" "cmTC_f9de5/fast"
/usr/bin/make -f CMakeFiles/cmTC_f9de5.dir/build.make CMakeFiles/cmTC_f9de5.dir/build
make[1]: Entering directory '/home/stud/s8jobech/2.Uebung/Uebung02/build/CMakeFiles/CMakeTmp'
Building CXX object CMakeFiles/cmTC_f9de5.dir/feature_tests.cxx.o
/installer/import/debian/c++/clang/bin/clang++     -std=c++98 -o CMakeFiles/cmTC_f9de5.dir/feature_tests.cxx.o -c /home/stud/s8jobech/2.Uebung/Uebung02/build/CMakeFiles/feature_tests.cxx
Linking CXX executable cmTC_f9de5
/usr/bin/cmake -E cmake_link_script CMakeFiles/cmTC_f9de5.dir/link.txt --verbose=1
/installer/import/debian/c++/clang/bin/clang++        CMakeFiles/cmTC_f9de5.dir/feature_tests.cxx.o  -o cmTC_f9de5 -rdynamic 
make[1]: Leaving directory '/home/stud/s8jobech/2.Uebung/Uebung02/build/CMakeFiles/CMakeTmp'


    Feature record: CXX_FEATURE:0cxx_aggregate_default_initializers
    Feature record: CXX_FEATURE:0cxx_alias_templates
    Feature record: CXX_FEATURE:0cxx_alignas
    Feature record: CXX_FEATURE:0cxx_alignof
    Feature record: CXX_FEATURE:0cxx_attributes
    Feature record: CXX_FEATURE:0cxx_attribute_deprecated
    Feature record: CXX_FEATURE:0cxx_auto_type
    Feature record: CXX_FEATURE:0cxx_binary_literals
    Feature record: CXX_FEATURE:0cxx_constexpr
    Feature record: CXX_FEATURE:0cxx_contextual_conversions
    Feature record: CXX_FEATURE:0cxx_decltype
    Feature record: CXX_FEATURE:0cxx_decltype_auto
    Feature record: CXX_FEATURE:0cxx_decltype_incomplete_return_types
    Feature record: CXX_FEATURE:0cxx_default_function_template_args
    Feature record: CXX_FEATURE:0cxx_defaulted_functions
    Feature record: CXX_FEATURE:0cxx_defaulted_move_initializers
    Feature record: CXX_FEATURE:0cxx_delegating_constructors
    Feature record: CXX_FEATURE:0cxx_deleted_functions
    Feature record: CXX_FEATURE:0cxx_digit_separators
    Feature record: CXX_FEATURE:0cxx_enum_forward_declarations
    Feature record: CXX_FEATURE:0cxx_explicit_conversions
    Feature record: CXX_FEATURE:0cxx_extended_friend_declarations
    Feature record: CXX_FEATURE:0cxx_extern_templates
    Feature record: CXX_FEATURE:0cxx_final
    Feature record: CXX_FEATURE:0cxx_func_identifier
    Feature record: CXX_FEATURE:0cxx_generalized_initializers
    Feature record: CXX_FEATURE:0cxx_generic_lambdas
    Feature record: CXX_FEATURE:0cxx_inheriting_constructors
    Feature record: CXX_FEATURE:0cxx_inline_namespaces
    Feature record: CXX_FEATURE:0cxx_lambdas
    Feature record: CXX_FEATURE:0cxx_lambda_init_captures
    Feature record: CXX_FEATURE:0cxx_local_type_template_args
    Feature record: CXX_FEATURE:0cxx_long_long_type
    Feature record: CXX_FEATURE:0cxx_noexcept
    Feature record: CXX_FEATURE:0cxx_nonstatic_member_init
    Feature record: CXX_FEATURE:0cxx_nullptr
    Feature record: CXX_FEATURE:0cxx_override
    Feature record: CXX_FEATURE:0cxx_range_for
    Feature record: CXX_FEATURE:0cxx_raw_string_literals
    Feature record: CXX_FEATURE:0cxx_reference_qualified_functions
    Feature record: CXX_FEATURE:0cxx_relaxed_constexpr
    Feature record: CXX_FEATURE:0cxx_return_type_deduction
    Feature record: CXX_FEATURE:0cxx_right_angle_brackets
    Feature record: CXX_FEATURE:0cxx_rvalue_references
    Feature record: CXX_FEATURE:0cxx_sizeof_member
    Feature record: CXX_FEATURE:0cxx_static_assert
    Feature record: CXX_FEATURE:0cxx_strong_enums
    Feature record: CXX_FEATURE:1cxx_template_template_parameters
    Feature record: CXX_FEATURE:0cxx_thread_local
    Feature record: CXX_FEATURE:0cxx_trailing_return_types
    Feature record: CXX_FEATURE:0cxx_unicode_literals
    Feature record: CXX_FEATURE:0cxx_uniform_initialization
    Feature record: CXX_FEATURE:0cxx_unrestricted_unions
    Feature record: CXX_FEATURE:0cxx_user_literals
    Feature record: CXX_FEATURE:0cxx_variable_templates
    Feature record: CXX_FEATURE:0cxx_variadic_macros
    Feature record: CXX_FEATURE:0cxx_variadic_templates
Determining if the include file pthread.h exists passed with the following output:
Change Dir: /home/stud/s8jobech/2.Uebung/Uebung02/build/CMakeFiles/CMakeTmp

Run Build Command:"/usr/bin/make" "cmTC_26a32/fast"
/usr/bin/make -f CMakeFiles/cmTC_26a32.dir/build.make CMakeFiles/cmTC_26a32.dir/build
make[1]: Entering directory '/home/stud/s8jobech/2.Uebung/Uebung02/build/CMakeFiles/CMakeTmp'
Building C object CMakeFiles/cmTC_26a32.dir/CheckIncludeFile.c.o
/installer/import/debian/c++/clang/bin/clang     -o CMakeFiles/cmTC_26a32.dir/CheckIncludeFile.c.o   -c /home/stud/s8jobech/2.Uebung/Uebung02/build/CMakeFiles/CMakeTmp/CheckIncludeFile.c
Linking C executable cmTC_26a32
/usr/bin/cmake -E cmake_link_script CMakeFiles/cmTC_26a32.dir/link.txt --verbose=1
/installer/import/debian/c++/clang/bin/clang       CMakeFiles/cmTC_26a32.dir/CheckIncludeFile.c.o  -o cmTC_26a32 -rdynamic 
make[1]: Leaving directory '/home/stud/s8jobech/2.Uebung/Uebung02/build/CMakeFiles/CMakeTmp'


Determining if the function pthread_create exists in the pthread passed with the following output:
Change Dir: /home/stud/s8jobech/2.Uebung/Uebung02/build/CMakeFiles/CMakeTmp

Run Build Command:"/usr/bin/make" "cmTC_23e75/fast"
/usr/bin/make -f CMakeFiles/cmTC_23e75.dir/build.make CMakeFiles/cmTC_23e75.dir/build
make[1]: Entering directory '/home/stud/s8jobech/2.Uebung/Uebung02/build/CMakeFiles/CMakeTmp'
Building C object CMakeFiles/cmTC_23e75.dir/CheckFunctionExists.c.o
/installer/import/debian/c++/clang/bin/clang    -DCHECK_FUNCTION_EXISTS=pthread_create   -o CMakeFiles/cmTC_23e75.dir/CheckFunctionExists.c.o   -c /usr/share/cmake-3.5/Modules/CheckFunctionExists.c
Linking C executable cmTC_23e75
/usr/bin/cmake -E cmake_link_script CMakeFiles/cmTC_23e75.dir/link.txt --verbose=1
/installer/import/debian/c++/clang/bin/clang   -DCHECK_FUNCTION_EXISTS=pthread_create    CMakeFiles/cmTC_23e75.dir/CheckFunctionExists.c.o  -o cmTC_23e75 -rdynamic -lpthread 
make[1]: Leaving directory '/home/stud/s8jobech/2.Uebung/Uebung02/build/CMakeFiles/CMakeTmp'


